<?xml version="1.0" encoding="UTF-8"?>
<!-- Generated by org.testng.reporters.JUnitXMLReporter -->
<testsuite ignored="3" hostname="DESKTOP-OJSF9Q6" failures="0" tests="3" name="Default test(failed)(failed)(failed)(failed)(failed)(failed)(failed)" time="0.181" errors="0" timestamp="2020-12-08T13:24:32 IST">
  <testcase classname="Failedtestcase.sample" name="TC2" time="0.048"/>
  <testcase classname="Failedtestcase.sample" name="TC3" time="0.004"/>
  <testcase classname="Failedtestcase.sample2" name="TC6" time="0.004"/>
  <testcase classname="Failedtestcase.sample2" name="TC5" time="0.0">
    <ignored/>
  </testcase> <!-- TC5 -->
  <testcase classname="Failedtestcase.sample" name="TC1" time="0.0">
    <ignored/>
  </testcase> <!-- TC1 -->
  <testcase classname="Failedtestcase.sample2" name="TC4" time="0.0">
    <ignored/>
  </testcase> <!-- TC4 -->
</testsuite> <!-- Default test(failed)(failed)(failed)(failed)(failed)(failed)(failed) -->
