<?xml version="1.0" encoding="UTF-8"?>
<!-- Generated by org.testng.reporters.JUnitXMLReporter -->
<testsuite ignored="3" hostname="DESKTOP-OJSF9Q6" failures="0" tests="1" name="Default test(failed)" time="0.326" errors="0" timestamp="2021-01-18T14:23:41 IST">
  <testcase classname="parallel.failreport" name="tc3" time="0.042"/>
  <testcase classname="parallel.failreport" name="tc2" time="0.0">
    <ignored/>
  </testcase> <!-- tc2 -->
  <testcase classname="parallel.failreport" name="tc4" time="0.0">
    <ignored/>
  </testcase> <!-- tc4 -->
  <testcase classname="parallel.failreport" name="tc1" time="0.0">
    <ignored/>
  </testcase> <!-- tc1 -->
</testsuite> <!-- Default test(failed) -->
