<?xml version="1.0" encoding="UTF-8"?>
<!-- Generated by org.testng.reporters.JUnitXMLReporter -->
<testsuite ignored="2" hostname="DESKTOP-OJSF9Q6" failures="0" tests="2" name="Default test" time="0.27" errors="0" timestamp="2021-01-18T14:25:15 IST">
  <testcase classname="parallel.failreport" name="tc1" time="0.051"/>
  <testcase classname="parallel.failreport" name="tc3" time="0.008"/>
  <testcase classname="parallel.failreport" name="tc2" time="0.0">
    <ignored/>
  </testcase> <!-- tc2 -->
  <testcase classname="parallel.failreport" name="tc4" time="0.0">
    <ignored/>
  </testcase> <!-- tc4 -->
</testsuite> <!-- Default test -->
