<?xml version="1.0" encoding="UTF-8"?>
<!-- Generated by org.testng.reporters.JUnitXMLReporter -->
<testsuite ignored="3" hostname="DESKTOP-OJSF9Q6" failures="0" tests="2" name="Test" time="0.198" errors="0" timestamp="2020-12-25T12:18:23 IST">
  <testcase classname="group.group" name="tc2" time="0.05"/>
  <testcase classname="group.group" name="tc4" time="0.02"/>
  <testcase classname="group.group" name="tc5" time="0.0">
    <ignored/>
  </testcase> <!-- tc5 -->
  <testcase classname="group.group" name="tc3" time="0.0">
    <ignored/>
  </testcase> <!-- tc3 -->
  <testcase classname="group.group" name="tc1" time="0.0">
    <ignored/>
  </testcase> <!-- tc1 -->
</testsuite> <!-- Test -->
