<?xml version="1.0" encoding="UTF-8"?>
<!-- Generated by org.testng.reporters.JUnitXMLReporter -->
<testsuite ignored="2" hostname="DESKTOP-OJSF9Q6" failures="0" tests="3" name="Test" time="0.258" errors="0" timestamp="2021-01-18T14:41:57 IST">
  <testcase classname="parallel.failreport" name="tc1" time="0.035"/>
  <testcase classname="parallel.failreport" name="tc3" time="0.008"/>
  <testcase classname="parallel.failreport" name="tc5" time="0.01"/>
  <testcase classname="parallel.failreport" name="tc2" time="0.0">
    <ignored/>
  </testcase> <!-- tc2 -->
  <testcase classname="parallel.failreport" name="tc4" time="0.0">
    <ignored/>
  </testcase> <!-- tc4 -->
</testsuite> <!-- Test -->
