<?xml version="1.0" encoding="UTF-8"?>
<!-- Generated by org.testng.reporters.JUnitXMLReporter -->
<testsuite ignored="3" hostname="DESKTOP-OJSF9Q6" failures="0" tests="2" name="Default test(failed)(failed)" time="0.259" errors="0" timestamp="2020-12-25T12:02:14 IST">
  <testcase classname="group.fail" name="tc3" time="0.061"/>
  <testcase classname="group.fail" name="tc5" time="0.006"/>
  <testcase classname="group.fail" name="tc4" time="0.0">
    <ignored/>
  </testcase> <!-- tc4 -->
  <testcase classname="group.fail" name="tc2" time="0.0">
    <ignored/>
  </testcase> <!-- tc2 -->
  <testcase classname="group.fail" name="tc1" time="0.0">
    <ignored/>
  </testcase> <!-- tc1 -->
</testsuite> <!-- Default test(failed)(failed) -->
