<?xml version="1.0" encoding="UTF-8"?>
<testng-results ignored="0" total="1" passed="1" failed="0" skipped="0">
  <reporter-output>
  </reporter-output>
  <suite started-at="2020-12-28T18:25:00 IST" name="Default suite" finished-at="2020-12-28T18:25:00 IST" duration-ms="162">
    <groups>
    </groups>
    <test started-at="2020-12-28T18:25:00 IST" name="Default test" finished-at="2020-12-28T18:25:00 IST" duration-ms="162">
      <class name="automations.hard">
        <test-method signature="tc2()[pri:0, instance:automations.hard@55f616cf]" started-at="2020-12-28T18:25:00 IST" name="tc2" finished-at="2020-12-28T18:25:00 IST" duration-ms="46" status="PASS">
          <reporter-output>
          </reporter-output>
        </test-method> <!-- tc2 -->
      </class> <!-- automations.hard -->
    </test> <!-- Default test -->
  </suite> <!-- Default suite -->
</testng-results>
