<?xml version="1.0" encoding="UTF-8"?>
<testng-results ignored="2" total="5" passed="3" failed="0" skipped="0">
  <reporter-output>
    <line>
      <![CDATA[running test case 1]]>
    </line>
    <line>
      <![CDATA[running test case 3]]>
    </line>
    <line>
      <![CDATA[running test case 5]]>
    </line>
  </reporter-output>
  <suite started-at="2021-01-18T14:41:56 IST" name="Suite" finished-at="2021-01-18T14:41:57 IST" duration-ms="258">
    <groups>
      <group name="module1">
        <method signature="failreport.tc1()[pri:0, instance:parallel.failreport@68e965f5]" name="tc1" class="parallel.failreport"/>
        <method signature="failreport.tc3()[pri:0, instance:parallel.failreport@68e965f5]" name="tc3" class="parallel.failreport"/>
        <method signature="failreport.tc5()[pri:0, instance:parallel.failreport@68e965f5]" name="tc5" class="parallel.failreport"/>
      </group> <!-- module1 -->
    </groups>
    <test started-at="2021-01-18T14:41:56 IST" name="Test" finished-at="2021-01-18T14:41:57 IST" duration-ms="258">
      <class name="parallel.failreport">
        <test-method signature="tc1()[pri:0, instance:parallel.failreport@68e965f5]" started-at="2021-01-18T14:41:57 IST" name="tc1" finished-at="2021-01-18T14:41:57 IST" duration-ms="35" status="PASS">
          <reporter-output>
            <line>
              <![CDATA[running test case 1]]>
            </line>
          </reporter-output>
        </test-method> <!-- tc1 -->
        <test-method signature="tc3()[pri:0, instance:parallel.failreport@68e965f5]" started-at="2021-01-18T14:41:57 IST" name="tc3" finished-at="2021-01-18T14:41:57 IST" duration-ms="8" status="PASS">
          <reporter-output>
            <line>
              <![CDATA[running test case 3]]>
            </line>
          </reporter-output>
        </test-method> <!-- tc3 -->
        <test-method signature="tc5()[pri:0, instance:parallel.failreport@68e965f5]" started-at="2021-01-18T14:41:57 IST" name="tc5" finished-at="2021-01-18T14:41:57 IST" duration-ms="10" status="PASS">
          <reporter-output>
            <line>
              <![CDATA[running test case 5]]>
            </line>
          </reporter-output>
        </test-method> <!-- tc5 -->
      </class> <!-- parallel.failreport -->
    </test> <!-- Test -->
  </suite> <!-- Suite -->
</testng-results>
