<?xml version="1.0" encoding="UTF-8"?>
<!-- Generated by org.testng.reporters.JUnitXMLReporter -->
<testsuite ignored="5" hostname="DESKTOP-OJSF9Q6" failures="0" tests="3" name="Test(failed)(failed)(failed)" time="0.177" errors="0" timestamp="2020-12-09T23:02:34 IST">
  <testcase classname="FailedTest_Case.sample" name="TC2" time="0.041"/>
  <testcase classname="FailedTest_Case.sample" name="TC4" time="0.006"/>
  <testcase classname="FailedTest_Case.Failed" name="TC7" time="0.003"/>
  <testcase classname="FailedTest_Case.Failed" name="TC6" time="0.0">
    <ignored/>
  </testcase> <!-- TC6 -->
  <testcase classname="FailedTest_Case.sample" name="TC3" time="0.0">
    <ignored/>
  </testcase> <!-- TC3 -->
  <testcase classname="FailedTest_Case.sample" name="TC5" time="0.0">
    <ignored/>
  </testcase> <!-- TC5 -->
  <testcase classname="FailedTest_Case.Failed" name="TC8" time="0.0">
    <ignored/>
  </testcase> <!-- TC8 -->
  <testcase classname="FailedTest_Case.sample" name="TC1" time="0.0">
    <ignored/>
  </testcase> <!-- TC1 -->
</testsuite> <!-- Test(failed)(failed)(failed) -->
